
[INFO] [20/11/18 10:13:32] [stan]: ==================== 相似词预测 ==========================
[INFO] [20/11/18 10:13:32] [stan]: Done!
[INFO] [20/11/18 10:14:25] [stan]: ==================== 相似词预测 ==========================
[INFO] [20/11/18 10:14:25] [stan]: Done!
[INFO] [20/11/18 10:14:44] [stan]: ==================== 相似词预测 ==========================
[INFO] [20/11/18 10:14:44] [stan]: Done!
[INFO] [20/11/18 10:16:34] [stan]: ==================== 相似词预测 ==========================
[INFO] [20/11/18 10:16:34] [stan]: Done!
[INFO] [20/11/18 10:16:46] [stan]: ==================== 相似词预测 ==========================
[INFO] [20/11/18 10:16:46] [stan]: Done!
[INFO] [20/11/18 10:27:36] [stan]: ==================== 相似词预测 ==========================
[INFO] [20/11/18 10:27:36] [stan]: Done!
[INFO] [20/11/18 11:22:31] [stan]: ==================== 相似词预测 ==========================
[INFO] [20/11/18 11:22:31] [stan]: Done!
[INFO] [20/11/18 11:26:34] [li]: ==================== 相似词预测 ==========================
[INFO] [20/11/18 11:26:34] [li]: Done!
[INFO] [20/11/18 11:27:04] [simword]: ==================== 相似词预测 ==========================
[INFO] [20/11/18 11:27:04] [simword]: Done!
[INFO] [20/11/18 14:36:32] [simword]: fileName: args(0)
[INFO] [20/11/18 14:36:32] [simword]: colName: args(1)
[INFO] [20/11/18 14:36:32] [simword]: modelPath: args(2)
[INFO] [20/11/18 14:36:32] [simword]: predictWordFile: args(3)
[INFO] [20/11/18 14:36:32] [simword]: ==================== 读取csv文件 ==========================
[INFO] [20/11/18 14:36:32] [simword]: ==================== ansj分词 ==========================
[INFO] [20/11/18 14:36:32] [simword]: ==================== 训练word2vec模型 ==========================
[INFO] [20/11/18 14:36:32] [simword]: 训练时间和语料库规模以及向量空间维度有关，会比较长。。。。。。
[INFO] [20/11/18 14:36:32] [simword]: ==================== 相似词预测 ==========================
[INFO] [20/11/18 14:38:29] [simword]: fileName: t_media_series_i1.csv
[INFO] [20/11/18 14:38:29] [simword]: colName: f_media_desc
[INFO] [20/11/18 14:38:29] [simword]: modelPath: args(2)
[INFO] [20/11/18 14:38:29] [simword]: predictWordFile: args(3)
[INFO] [20/11/18 14:38:29] [simword]: ==================== 读取csv文件 ==========================
[INFO] [20/11/18 14:38:33] [simword]: ==================== ansj分词 ==========================
[INFO] [20/11/18 14:38:44] [simword]: 输入文件中的数据条数为:   136137
[INFO] [20/11/18 14:38:44] [simword]: ==================== 训练word2vec模型 ==========================
[INFO] [20/11/18 14:38:44] [simword]: 训练时间和语料库规模以及向量空间维度有关，会比较长。。。。。。
[INFO] [20/11/18 14:40:56] [simword]: OK! 开始保存模型 
[INFO] [20/11/18 14:40:56] [simword]: ==================== 相似词预测 ==========================
[INFO] [20/11/18 15:58:58] [simword]: ==================== 相似词预测 ==========================
[INFO] [20/11/18 15:58:58] [simword]: Done!
[INFO] [20/11/18 15:59:55] [simword]: ==================== 相似词预测 ==========================
[INFO] [20/11/18 15:59:55] [simword]: Done!
[INFO] [20/11/18 16:00:06] [predict]: ==================== 相似词预测 ==========================
[INFO] [20/11/18 16:00:06] [predict]: Done!
